[2021-04-09 23:09:31,142][main.py][line:423][INFO] loading data......
[2021-04-09 23:09:31,581][main.py][line:433][INFO] initial model......
[2021-04-09 23:09:41,776][configuration_utils.py][line:152][INFO] loading configuration file https://s3.amazonaws.com/models.huggingface.co/bert/bert-base-uncased-config.json from cache at C:\Users\Yu Wang\.cache\torch\transformers\4dad0251492946e18ac39290fcfe91b89d370fee250efe9521476438fe8ca185.7156163d5fdc189c3016baca0775ffce230789d7fa2a42ef516483e4ca884517
[2021-04-09 23:09:41,779][configuration_utils.py][line:169][INFO] Model config {
  "architectures": [
    "BertForMaskedLM"
  ],
  "attention_probs_dropout_prob": 0.1,
  "finetuning_task": null,
  "hidden_act": "gelu",
  "hidden_dropout_prob": 0.1,
  "hidden_size": 768,
  "initializer_range": 0.02,
  "intermediate_size": 3072,
  "is_decoder": false,
  "layer_norm_eps": 1e-12,
  "max_position_embeddings": 512,
  "model_type": "bert",
  "num_attention_heads": 12,
  "num_hidden_layers": 12,
  "num_labels": 2,
  "output_attentions": false,
  "output_hidden_states": false,
  "output_past": true,
  "pad_token_id": 0,
  "pruned_heads": {},
  "torchscript": false,
  "type_vocab_size": 2,
  "use_bfloat16": false,
  "vocab_size": 30522
}

[2021-04-09 23:09:43,688][modeling_utils.py][line:387][INFO] loading weights file https://s3.amazonaws.com/models.huggingface.co/bert/bert-base-uncased-pytorch_model.bin from cache at C:\Users\Yu Wang\.cache\torch\transformers\aa1ef1aede4482d0dbcd4d52baad8ae300e60902e88fcb0bebdec09afd232066.36ca03ab34a1a5d5fa7bc3d03d55c4fa650fed07220e2eeebc06ce58d0e9a157
[2021-04-09 23:09:49,752][tokenization_utils.py][line:375][INFO] loading file https://s3.amazonaws.com/models.huggingface.co/bert/bert-base-uncased-vocab.txt from cache at C:\Users\Yu Wang\.cache\torch\transformers\26bc1ad6c0ac742e9b52263248f6d0f00068293b33709fae12320c0e35ccfbbb.542ce4285a40d23a559526243235df47c5f75c197f04f37d1a0c124c32c9a084
[2021-04-09 23:09:56,381][main.py][line:439][INFO] Namespace(batch_size=2, bert_model_type='bert-base-uncased', beta=1, checkpoint_path='./model/14lap/modelFinal.model', data_name='14lap', data_path='D:\\Python_Project\\thesis\\BMRC-main\\data\\', epoch_num=40, hidden_size=768, ifgpu=True, inference_beta=0.8, learning_rate=0.001, log_path='./log/14lap_1.log', mode='train', model_name='1', reload=False, save_model_path='./model/', tuning_bert_rate=1e-05, warm_up=0.1)
[2021-04-09 23:09:56,383][main.py][line:465][INFO] initial optimizer......
[2021-04-09 23:09:56,385][main.py][line:482][INFO] New model and optimizer from epoch 0
[2021-04-09 23:09:56,385][main.py][line:491][INFO] begin training......
